2021-10-03 18:38:53,633 INFO    MainThread:11343 [internal.py:wandb_internal():86] W&B internal server running at pid: 11343, started at: 2021-10-03 18:38:53.633032
2021-10-03 18:38:53,638 INFO    WriterThread:11343 [datastore.py:open_for_write():77] open: /Users/user/Desktop/Thesis/wandb/run-20211003_183852-14n7dvt1/run-14n7dvt1.wandb
2021-10-03 18:38:53,639 DEBUG   HandlerThread:11343 [handler.py:handle_request():128] handle_request: check_version
2021-10-03 18:38:53,642 DEBUG   SenderThread:11343 [sender.py:send():182] send: header
2021-10-03 18:38:53,642 DEBUG   SenderThread:11343 [sender.py:send_request():196] send_request: check_version
2021-10-03 18:38:53,843 DEBUG   SenderThread:11343 [sender.py:send():182] send: run
2021-10-03 18:38:54,220 INFO    SenderThread:11343 [dir_watcher.py:__init__():168] watching files in: /Users/user/Desktop/Thesis/wandb/run-20211003_183852-14n7dvt1/files
2021-10-03 18:38:54,220 INFO    SenderThread:11343 [sender.py:_start_run_threads():740] run started: 14n7dvt1 with start time 1633279132
2021-10-03 18:38:54,220 DEBUG   SenderThread:11343 [sender.py:send():182] send: summary
2021-10-03 18:38:54,221 DEBUG   HandlerThread:11343 [handler.py:handle_request():128] handle_request: run_start
2021-10-03 18:38:54,223 INFO    SenderThread:11343 [sender.py:_save_file():873] saving file wandb-summary.json with policy end
2021-10-03 18:38:55,240 INFO    Thread-8  :11343 [dir_watcher.py:_on_file_created():216] file/dir created: /Users/user/Desktop/Thesis/wandb/run-20211003_183852-14n7dvt1/files/wandb-summary.json
2021-10-03 18:38:58,157 DEBUG   HandlerThread:11343 [meta.py:__init__():39] meta init
2021-10-03 18:38:58,157 DEBUG   HandlerThread:11343 [meta.py:__init__():53] meta init done
2021-10-03 18:38:58,157 DEBUG   HandlerThread:11343 [meta.py:probe():210] probe
2021-10-03 18:38:58,181 DEBUG   HandlerThread:11343 [meta.py:_setup_git():200] setup git
2021-10-03 18:38:58,227 DEBUG   HandlerThread:11343 [meta.py:_setup_git():207] setup git done
2021-10-03 18:38:58,228 DEBUG   HandlerThread:11343 [meta.py:_save_pip():57] save pip
2021-10-03 18:38:58,230 DEBUG   HandlerThread:11343 [meta.py:_save_pip():71] save pip done
2021-10-03 18:38:58,230 DEBUG   HandlerThread:11343 [meta.py:probe():252] probe done
2021-10-03 18:38:58,246 DEBUG   SenderThread:11343 [sender.py:send():182] send: files
2021-10-03 18:38:58,246 INFO    SenderThread:11343 [sender.py:_save_file():873] saving file wandb-metadata.json with policy now
2021-10-03 18:38:58,250 INFO    Thread-8  :11343 [dir_watcher.py:_on_file_created():216] file/dir created: /Users/user/Desktop/Thesis/wandb/run-20211003_183852-14n7dvt1/files/requirements.txt
2021-10-03 18:38:58,251 INFO    Thread-8  :11343 [dir_watcher.py:_on_file_created():216] file/dir created: /Users/user/Desktop/Thesis/wandb/run-20211003_183852-14n7dvt1/files/wandb-metadata.json
2021-10-03 18:38:58,262 DEBUG   HandlerThread:11343 [handler.py:handle_request():128] handle_request: stop_status
2021-10-03 18:38:58,263 DEBUG   SenderThread:11343 [sender.py:send_request():196] send_request: stop_status
2021-10-03 18:38:59,254 INFO    Thread-8  :11343 [dir_watcher.py:_on_file_created():216] file/dir created: /Users/user/Desktop/Thesis/wandb/run-20211003_183852-14n7dvt1/files/output.log
2021-10-03 18:39:00,284 INFO    Thread-11 :11343 [upload_job.py:push():137] Uploaded file /var/folders/px/1zxfplmd2_30spb7ml5gt3z40000gn/T/tmpt_0d5fb9wandb/1sbioimw-wandb-metadata.json
2021-10-03 18:39:01,261 INFO    Thread-8  :11343 [dir_watcher.py:_on_file_modified():229] file/dir modified: /Users/user/Desktop/Thesis/wandb/run-20211003_183852-14n7dvt1/files/output.log
2021-10-03 18:39:05,282 INFO    Thread-8  :11343 [dir_watcher.py:_on_file_modified():229] file/dir modified: /Users/user/Desktop/Thesis/wandb/run-20211003_183852-14n7dvt1/files/output.log
2021-10-03 18:39:13,513 DEBUG   HandlerThread:11343 [handler.py:handle_request():128] handle_request: stop_status
2021-10-03 18:39:13,515 DEBUG   SenderThread:11343 [sender.py:send_request():196] send_request: stop_status
2021-10-03 18:39:26,575 DEBUG   SenderThread:11343 [sender.py:send():182] send: stats
2021-10-03 18:39:28,818 DEBUG   HandlerThread:11343 [handler.py:handle_request():128] handle_request: stop_status
2021-10-03 18:39:28,818 DEBUG   SenderThread:11343 [sender.py:send_request():196] send_request: stop_status
2021-10-03 18:39:44,063 DEBUG   HandlerThread:11343 [handler.py:handle_request():128] handle_request: stop_status
2021-10-03 18:39:44,068 DEBUG   SenderThread:11343 [sender.py:send_request():196] send_request: stop_status
2021-10-03 18:39:57,100 DEBUG   SenderThread:11343 [sender.py:send():182] send: stats
2021-10-03 18:39:59,322 DEBUG   HandlerThread:11343 [handler.py:handle_request():128] handle_request: stop_status
2021-10-03 18:39:59,325 DEBUG   SenderThread:11343 [sender.py:send_request():196] send_request: stop_status
2021-10-03 18:40:14,631 DEBUG   HandlerThread:11343 [handler.py:handle_request():128] handle_request: stop_status
2021-10-03 18:40:14,633 DEBUG   SenderThread:11343 [sender.py:send_request():196] send_request: stop_status
2021-10-03 18:40:27,552 DEBUG   SenderThread:11343 [sender.py:send():182] send: stats
2021-10-03 18:40:29,923 DEBUG   HandlerThread:11343 [handler.py:handle_request():128] handle_request: stop_status
2021-10-03 18:40:29,924 DEBUG   SenderThread:11343 [sender.py:send_request():196] send_request: stop_status
2021-10-03 18:40:45,218 DEBUG   HandlerThread:11343 [handler.py:handle_request():128] handle_request: stop_status
2021-10-03 18:40:45,221 DEBUG   SenderThread:11343 [sender.py:send_request():196] send_request: stop_status
2021-10-03 18:40:58,048 DEBUG   SenderThread:11343 [sender.py:send():182] send: stats
2021-10-03 18:41:00,530 DEBUG   HandlerThread:11343 [handler.py:handle_request():128] handle_request: stop_status
2021-10-03 18:41:00,530 DEBUG   SenderThread:11343 [sender.py:send_request():196] send_request: stop_status
2021-10-03 18:41:15,795 DEBUG   HandlerThread:11343 [handler.py:handle_request():128] handle_request: stop_status
2021-10-03 18:41:15,796 DEBUG   SenderThread:11343 [sender.py:send_request():196] send_request: stop_status
2021-10-03 18:41:28,459 DEBUG   SenderThread:11343 [sender.py:send():182] send: stats
2021-10-03 18:41:31,062 DEBUG   HandlerThread:11343 [handler.py:handle_request():128] handle_request: stop_status
2021-10-03 18:41:31,071 DEBUG   SenderThread:11343 [sender.py:send_request():196] send_request: stop_status
2021-10-03 18:41:46,357 DEBUG   HandlerThread:11343 [handler.py:handle_request():128] handle_request: stop_status
2021-10-03 18:41:46,358 DEBUG   SenderThread:11343 [sender.py:send_request():196] send_request: stop_status
2021-10-03 18:41:58,976 DEBUG   SenderThread:11343 [sender.py:send():182] send: stats
2021-10-03 18:42:01,635 DEBUG   HandlerThread:11343 [handler.py:handle_request():128] handle_request: stop_status
2021-10-03 18:42:01,635 DEBUG   SenderThread:11343 [sender.py:send_request():196] send_request: stop_status
2021-10-03 18:42:16,878 DEBUG   HandlerThread:11343 [handler.py:handle_request():128] handle_request: stop_status
2021-10-03 18:42:16,889 DEBUG   SenderThread:11343 [sender.py:send_request():196] send_request: stop_status
2021-10-03 18:42:29,477 DEBUG   SenderThread:11343 [sender.py:send():182] send: stats
2021-10-03 18:42:32,164 DEBUG   HandlerThread:11343 [handler.py:handle_request():128] handle_request: stop_status
2021-10-03 18:42:32,164 DEBUG   SenderThread:11343 [sender.py:send_request():196] send_request: stop_status
2021-10-03 18:42:47,389 DEBUG   HandlerThread:11343 [handler.py:handle_request():128] handle_request: stop_status
2021-10-03 18:42:47,391 DEBUG   SenderThread:11343 [sender.py:send_request():196] send_request: stop_status
2021-10-03 18:42:59,963 DEBUG   SenderThread:11343 [sender.py:send():182] send: stats
2021-10-03 18:43:02,635 DEBUG   HandlerThread:11343 [handler.py:handle_request():128] handle_request: stop_status
2021-10-03 18:43:02,635 DEBUG   SenderThread:11343 [sender.py:send_request():196] send_request: stop_status
2021-10-03 18:43:17,876 DEBUG   HandlerThread:11343 [handler.py:handle_request():128] handle_request: stop_status
2021-10-03 18:43:17,876 DEBUG   SenderThread:11343 [sender.py:send_request():196] send_request: stop_status
2021-10-03 18:43:30,448 DEBUG   SenderThread:11343 [sender.py:send():182] send: stats
2021-10-03 18:43:33,120 DEBUG   HandlerThread:11343 [handler.py:handle_request():128] handle_request: stop_status
2021-10-03 18:43:33,120 DEBUG   SenderThread:11343 [sender.py:send_request():196] send_request: stop_status
2021-10-03 18:43:48,587 DEBUG   HandlerThread:11343 [handler.py:handle_request():128] handle_request: stop_status
2021-10-03 18:43:48,588 DEBUG   SenderThread:11343 [sender.py:send_request():196] send_request: stop_status
2021-10-03 18:44:00,991 DEBUG   SenderThread:11343 [sender.py:send():182] send: stats
2021-10-03 18:44:03,811 DEBUG   HandlerThread:11343 [handler.py:handle_request():128] handle_request: stop_status
2021-10-03 18:44:03,812 DEBUG   SenderThread:11343 [sender.py:send_request():196] send_request: stop_status
2021-10-03 18:44:19,046 DEBUG   HandlerThread:11343 [handler.py:handle_request():128] handle_request: stop_status
2021-10-03 18:44:19,047 DEBUG   SenderThread:11343 [sender.py:send_request():196] send_request: stop_status
2021-10-03 18:44:31,474 DEBUG   SenderThread:11343 [sender.py:send():182] send: stats
2021-10-03 18:44:34,294 DEBUG   HandlerThread:11343 [handler.py:handle_request():128] handle_request: stop_status
2021-10-03 18:44:34,294 DEBUG   SenderThread:11343 [sender.py:send_request():196] send_request: stop_status
2021-10-03 18:44:49,539 DEBUG   HandlerThread:11343 [handler.py:handle_request():128] handle_request: stop_status
2021-10-03 18:44:49,540 DEBUG   SenderThread:11343 [sender.py:send_request():196] send_request: stop_status
2021-10-03 18:45:02,058 DEBUG   SenderThread:11343 [sender.py:send():182] send: stats
2021-10-03 18:45:04,775 DEBUG   HandlerThread:11343 [handler.py:handle_request():128] handle_request: stop_status
2021-10-03 18:45:04,776 DEBUG   SenderThread:11343 [sender.py:send_request():196] send_request: stop_status
2021-10-03 18:45:20,038 DEBUG   HandlerThread:11343 [handler.py:handle_request():128] handle_request: stop_status
2021-10-03 18:45:20,043 DEBUG   SenderThread:11343 [sender.py:send_request():196] send_request: stop_status
2021-10-03 18:46:52,389 DEBUG   SenderThread:11343 [sender.py:send():182] send: stats
2021-10-03 18:46:53,328 DEBUG   HandlerThread:11343 [handler.py:handle_request():128] handle_request: stop_status
2021-10-03 18:46:53,329 DEBUG   SenderThread:11343 [sender.py:send_request():196] send_request: stop_status
2021-10-03 18:46:57,195 ERROR   SenderThread:11343 [retry.py:__call__():126] Retry attempt failed:
Traceback (most recent call last):
  File "/Library/Frameworks/Python.framework/Versions/3.9/lib/python3.9/site-packages/urllib3/connection.py", line 169, in _new_conn
    conn = connection.create_connection(
  File "/Library/Frameworks/Python.framework/Versions/3.9/lib/python3.9/site-packages/urllib3/util/connection.py", line 73, in create_connection
    for res in socket.getaddrinfo(host, port, family, socket.SOCK_STREAM):
  File "/Library/Frameworks/Python.framework/Versions/3.9/lib/python3.9/socket.py", line 953, in getaddrinfo
    for res in _socket.getaddrinfo(host, port, family, type, proto, flags):
socket.gaierror: [Errno 8] nodename nor servname provided, or not known

During handling of the above exception, another exception occurred:

Traceback (most recent call last):
  File "/Library/Frameworks/Python.framework/Versions/3.9/lib/python3.9/site-packages/urllib3/connectionpool.py", line 699, in urlopen
    httplib_response = self._make_request(
  File "/Library/Frameworks/Python.framework/Versions/3.9/lib/python3.9/site-packages/urllib3/connectionpool.py", line 382, in _make_request
    self._validate_conn(conn)
  File "/Library/Frameworks/Python.framework/Versions/3.9/lib/python3.9/site-packages/urllib3/connectionpool.py", line 1010, in _validate_conn
    conn.connect()
  File "/Library/Frameworks/Python.framework/Versions/3.9/lib/python3.9/site-packages/urllib3/connection.py", line 353, in connect
    conn = self._new_conn()
  File "/Library/Frameworks/Python.framework/Versions/3.9/lib/python3.9/site-packages/urllib3/connection.py", line 181, in _new_conn
    raise NewConnectionError(
urllib3.exceptions.NewConnectionError: <urllib3.connection.HTTPSConnection object at 0x1497cca60>: Failed to establish a new connection: [Errno 8] nodename nor servname provided, or not known

During handling of the above exception, another exception occurred:

Traceback (most recent call last):
  File "/Library/Frameworks/Python.framework/Versions/3.9/lib/python3.9/site-packages/requests/adapters.py", line 439, in send
    resp = conn.urlopen(
  File "/Library/Frameworks/Python.framework/Versions/3.9/lib/python3.9/site-packages/urllib3/connectionpool.py", line 755, in urlopen
    retries = retries.increment(
  File "/Library/Frameworks/Python.framework/Versions/3.9/lib/python3.9/site-packages/urllib3/util/retry.py", line 574, in increment
    raise MaxRetryError(_pool, url, error or ResponseError(cause))
urllib3.exceptions.MaxRetryError: HTTPSConnectionPool(host='api.wandb.ai', port=443): Max retries exceeded with url: /graphql (Caused by NewConnectionError('<urllib3.connection.HTTPSConnection object at 0x1497cca60>: Failed to establish a new connection: [Errno 8] nodename nor servname provided, or not known'))

During handling of the above exception, another exception occurred:

Traceback (most recent call last):
  File "/Library/Frameworks/Python.framework/Versions/3.9/lib/python3.9/site-packages/wandb/sdk/lib/retry.py", line 102, in __call__
    result = self._call_fn(*args, **kwargs)
  File "/Library/Frameworks/Python.framework/Versions/3.9/lib/python3.9/site-packages/wandb/sdk/internal/internal_api.py", line 130, in execute
    return self.client.execute(*args, **kwargs)
  File "/Library/Frameworks/Python.framework/Versions/3.9/lib/python3.9/site-packages/wandb/vendor/gql-0.2.0/gql/client.py", line 52, in execute
    result = self._get_result(document, *args, **kwargs)
  File "/Library/Frameworks/Python.framework/Versions/3.9/lib/python3.9/site-packages/wandb/vendor/gql-0.2.0/gql/client.py", line 60, in _get_result
    return self.transport.execute(document, *args, **kwargs)
  File "/Library/Frameworks/Python.framework/Versions/3.9/lib/python3.9/site-packages/wandb/vendor/gql-0.2.0/gql/transport/requests.py", line 38, in execute
    request = requests.post(self.url, **post_args)
  File "/Library/Frameworks/Python.framework/Versions/3.9/lib/python3.9/site-packages/requests/api.py", line 119, in post
    return request('post', url, data=data, json=json, **kwargs)
  File "/Library/Frameworks/Python.framework/Versions/3.9/lib/python3.9/site-packages/requests/api.py", line 61, in request
    return session.request(method=method, url=url, **kwargs)
  File "/Library/Frameworks/Python.framework/Versions/3.9/lib/python3.9/site-packages/requests/sessions.py", line 542, in request
    resp = self.send(prep, **send_kwargs)
  File "/Library/Frameworks/Python.framework/Versions/3.9/lib/python3.9/site-packages/requests/sessions.py", line 655, in send
    r = adapter.send(request, **kwargs)
  File "/Library/Frameworks/Python.framework/Versions/3.9/lib/python3.9/site-packages/requests/adapters.py", line 516, in send
    raise ConnectionError(e, request=request)
requests.exceptions.ConnectionError: HTTPSConnectionPool(host='api.wandb.ai', port=443): Max retries exceeded with url: /graphql (Caused by NewConnectionError('<urllib3.connection.HTTPSConnection object at 0x1497cca60>: Failed to establish a new connection: [Errno 8] nodename nor servname provided, or not known'))
2021-10-03 18:47:03,977 INFO    Thread-8  :11343 [dir_watcher.py:_on_file_modified():229] file/dir modified: /Users/user/Desktop/Thesis/wandb/run-20211003_183852-14n7dvt1/files/output.log
2021-10-03 18:47:17,309 DEBUG   HandlerThread:11343 [handler.py:handle_request():128] handle_request: stop_status
2021-10-03 18:47:17,312 DEBUG   SenderThread:11343 [sender.py:send_request():196] send_request: stop_status
2021-10-03 18:47:23,228 DEBUG   SenderThread:11343 [sender.py:send():182] send: stats
2021-10-03 18:47:32,625 DEBUG   HandlerThread:11343 [handler.py:handle_request():128] handle_request: stop_status
2021-10-03 18:47:32,646 DEBUG   SenderThread:11343 [sender.py:send_request():196] send_request: stop_status
2021-10-03 18:47:39,358 DEBUG   SenderThread:11343 [sender.py:send():182] send: history
2021-10-03 18:47:39,402 DEBUG   SenderThread:11343 [sender.py:send():182] send: summary
2021-10-03 18:47:39,419 INFO    SenderThread:11343 [sender.py:_save_file():873] saving file wandb-summary.json with policy end
2021-10-03 18:47:40,098 INFO    Thread-8  :11343 [dir_watcher.py:_on_file_modified():229] file/dir modified: /Users/user/Desktop/Thesis/wandb/run-20211003_183852-14n7dvt1/files/wandb-summary.json
2021-10-03 18:47:41,098 INFO    Thread-8  :11343 [dir_watcher.py:_on_file_modified():229] file/dir modified: /Users/user/Desktop/Thesis/wandb/run-20211003_183852-14n7dvt1/files/output.log
2021-10-03 18:47:46,625 DEBUG   SenderThread:11343 [sender.py:send():182] send: history
2021-10-03 18:47:46,626 DEBUG   SenderThread:11343 [sender.py:send():182] send: summary
2021-10-03 18:47:46,627 INFO    SenderThread:11343 [sender.py:_save_file():873] saving file wandb-summary.json with policy end
2021-10-03 18:47:47,121 INFO    Thread-8  :11343 [dir_watcher.py:_on_file_modified():229] file/dir modified: /Users/user/Desktop/Thesis/wandb/run-20211003_183852-14n7dvt1/files/wandb-summary.json
2021-10-03 18:47:47,122 INFO    Thread-8  :11343 [dir_watcher.py:_on_file_modified():229] file/dir modified: /Users/user/Desktop/Thesis/wandb/run-20211003_183852-14n7dvt1/files/output.log
2021-10-03 18:47:47,877 DEBUG   HandlerThread:11343 [handler.py:handle_request():128] handle_request: stop_status
2021-10-03 18:47:47,877 DEBUG   SenderThread:11343 [sender.py:send_request():196] send_request: stop_status
2021-10-03 18:47:53,844 DEBUG   SenderThread:11343 [sender.py:send():182] send: stats
2021-10-03 18:48:03,395 DEBUG   HandlerThread:11343 [handler.py:handle_request():128] handle_request: stop_status
2021-10-03 18:48:03,405 DEBUG   SenderThread:11343 [sender.py:send_request():196] send_request: stop_status
2021-10-03 18:48:18,652 DEBUG   HandlerThread:11343 [handler.py:handle_request():128] handle_request: stop_status
2021-10-03 18:48:18,653 DEBUG   SenderThread:11343 [sender.py:send_request():196] send_request: stop_status
2021-10-03 18:48:24,274 DEBUG   SenderThread:11343 [sender.py:send():182] send: stats
2021-10-03 18:48:33,895 DEBUG   HandlerThread:11343 [handler.py:handle_request():128] handle_request: stop_status
2021-10-03 18:48:33,895 DEBUG   SenderThread:11343 [sender.py:send_request():196] send_request: stop_status
2021-10-03 18:48:49,139 DEBUG   HandlerThread:11343 [handler.py:handle_request():128] handle_request: stop_status
2021-10-03 18:48:49,140 DEBUG   SenderThread:11343 [sender.py:send_request():196] send_request: stop_status
2021-10-03 18:48:54,714 DEBUG   SenderThread:11343 [sender.py:send():182] send: stats
2021-10-03 18:49:04,377 DEBUG   HandlerThread:11343 [handler.py:handle_request():128] handle_request: stop_status
2021-10-03 18:49:04,377 DEBUG   SenderThread:11343 [sender.py:send_request():196] send_request: stop_status
2021-10-03 18:49:19,612 DEBUG   HandlerThread:11343 [handler.py:handle_request():128] handle_request: stop_status
2021-10-03 18:49:19,613 DEBUG   SenderThread:11343 [sender.py:send_request():196] send_request: stop_status
2021-10-03 18:49:25,207 DEBUG   SenderThread:11343 [sender.py:send():182] send: stats
2021-10-03 18:49:34,869 DEBUG   HandlerThread:11343 [handler.py:handle_request():128] handle_request: stop_status
2021-10-03 18:49:34,869 DEBUG   SenderThread:11343 [sender.py:send_request():196] send_request: stop_status
2021-10-03 18:49:50,113 DEBUG   HandlerThread:11343 [handler.py:handle_request():128] handle_request: stop_status
2021-10-03 18:49:50,113 DEBUG   SenderThread:11343 [sender.py:send_request():196] send_request: stop_status
2021-10-03 18:49:55,710 DEBUG   SenderThread:11343 [sender.py:send():182] send: stats
2021-10-03 18:50:05,341 DEBUG   HandlerThread:11343 [handler.py:handle_request():128] handle_request: stop_status
2021-10-03 18:50:05,341 DEBUG   SenderThread:11343 [sender.py:send_request():196] send_request: stop_status
2021-10-03 18:50:20,565 DEBUG   HandlerThread:11343 [handler.py:handle_request():128] handle_request: stop_status
2021-10-03 18:50:20,565 DEBUG   SenderThread:11343 [sender.py:send_request():196] send_request: stop_status
2021-10-03 18:50:26,223 DEBUG   SenderThread:11343 [sender.py:send():182] send: stats
2021-10-03 18:50:35,789 DEBUG   HandlerThread:11343 [handler.py:handle_request():128] handle_request: stop_status
2021-10-03 18:50:35,789 DEBUG   SenderThread:11343 [sender.py:send_request():196] send_request: stop_status
2021-10-03 18:50:51,022 DEBUG   HandlerThread:11343 [handler.py:handle_request():128] handle_request: stop_status
2021-10-03 18:50:51,022 DEBUG   SenderThread:11343 [sender.py:send_request():196] send_request: stop_status
2021-10-03 18:50:56,714 DEBUG   SenderThread:11343 [sender.py:send():182] send: stats
2021-10-03 18:51:06,253 DEBUG   HandlerThread:11343 [handler.py:handle_request():128] handle_request: stop_status
2021-10-03 18:51:06,253 DEBUG   SenderThread:11343 [sender.py:send_request():196] send_request: stop_status
2021-10-03 18:51:21,483 DEBUG   HandlerThread:11343 [handler.py:handle_request():128] handle_request: stop_status
2021-10-03 18:51:21,483 DEBUG   SenderThread:11343 [sender.py:send_request():196] send_request: stop_status
2021-10-03 18:51:27,204 DEBUG   SenderThread:11343 [sender.py:send():182] send: stats
2021-10-03 18:51:36,715 DEBUG   HandlerThread:11343 [handler.py:handle_request():128] handle_request: stop_status
2021-10-03 18:51:36,716 DEBUG   SenderThread:11343 [sender.py:send_request():196] send_request: stop_status
2021-10-03 18:51:51,979 DEBUG   HandlerThread:11343 [handler.py:handle_request():128] handle_request: stop_status
2021-10-03 18:51:51,979 DEBUG   SenderThread:11343 [sender.py:send_request():196] send_request: stop_status
2021-10-03 18:51:57,664 DEBUG   SenderThread:11343 [sender.py:send():182] send: stats
2021-10-03 18:52:07,212 DEBUG   HandlerThread:11343 [handler.py:handle_request():128] handle_request: stop_status
2021-10-03 18:52:07,213 DEBUG   SenderThread:11343 [sender.py:send_request():196] send_request: stop_status
2021-10-03 18:52:22,446 DEBUG   HandlerThread:11343 [handler.py:handle_request():128] handle_request: stop_status
2021-10-03 18:52:22,446 DEBUG   SenderThread:11343 [sender.py:send_request():196] send_request: stop_status
2021-10-03 18:52:28,156 DEBUG   SenderThread:11343 [sender.py:send():182] send: stats
2021-10-03 18:52:37,664 DEBUG   HandlerThread:11343 [handler.py:handle_request():128] handle_request: stop_status
2021-10-03 18:52:37,665 DEBUG   SenderThread:11343 [sender.py:send_request():196] send_request: stop_status
2021-10-03 18:52:52,912 DEBUG   HandlerThread:11343 [handler.py:handle_request():128] handle_request: stop_status
2021-10-03 18:52:52,912 DEBUG   SenderThread:11343 [sender.py:send_request():196] send_request: stop_status
2021-10-03 18:52:58,691 DEBUG   SenderThread:11343 [sender.py:send():182] send: stats
2021-10-03 18:53:00,886 DEBUG   SenderThread:11343 [sender.py:send():182] send: history
2021-10-03 18:53:00,893 DEBUG   SenderThread:11343 [sender.py:send():182] send: summary
2021-10-03 18:53:00,894 INFO    SenderThread:11343 [sender.py:_save_file():873] saving file wandb-summary.json with policy end
2021-10-03 18:53:01,880 INFO    Thread-8  :11343 [dir_watcher.py:_on_file_modified():229] file/dir modified: /Users/user/Desktop/Thesis/wandb/run-20211003_183852-14n7dvt1/files/wandb-summary.json
2021-10-03 18:53:01,880 INFO    Thread-8  :11343 [dir_watcher.py:_on_file_modified():229] file/dir modified: /Users/user/Desktop/Thesis/wandb/run-20211003_183852-14n7dvt1/files/output.log
2021-10-03 18:53:07,022 DEBUG   SenderThread:11343 [sender.py:send():182] send: history
2021-10-03 18:53:07,023 DEBUG   SenderThread:11343 [sender.py:send():182] send: summary
2021-10-03 18:53:07,024 INFO    SenderThread:11343 [sender.py:_save_file():873] saving file wandb-summary.json with policy end
2021-10-03 18:53:07,895 INFO    Thread-8  :11343 [dir_watcher.py:_on_file_modified():229] file/dir modified: /Users/user/Desktop/Thesis/wandb/run-20211003_183852-14n7dvt1/files/wandb-summary.json
2021-10-03 18:53:07,896 INFO    Thread-8  :11343 [dir_watcher.py:_on_file_modified():229] file/dir modified: /Users/user/Desktop/Thesis/wandb/run-20211003_183852-14n7dvt1/files/output.log
2021-10-03 18:53:08,157 DEBUG   HandlerThread:11343 [handler.py:handle_request():128] handle_request: stop_status
2021-10-03 18:53:08,157 DEBUG   SenderThread:11343 [sender.py:send_request():196] send_request: stop_status
2021-10-03 18:53:23,421 DEBUG   HandlerThread:11343 [handler.py:handle_request():128] handle_request: stop_status
2021-10-03 18:53:23,422 DEBUG   SenderThread:11343 [sender.py:send_request():196] send_request: stop_status
2021-10-03 18:53:29,179 DEBUG   SenderThread:11343 [sender.py:send():182] send: stats
2021-10-03 18:53:38,661 DEBUG   HandlerThread:11343 [handler.py:handle_request():128] handle_request: stop_status
2021-10-03 18:53:38,662 DEBUG   SenderThread:11343 [sender.py:send_request():196] send_request: stop_status
2021-10-03 18:53:53,882 DEBUG   HandlerThread:11343 [handler.py:handle_request():128] handle_request: stop_status
2021-10-03 18:53:53,882 DEBUG   SenderThread:11343 [sender.py:send_request():196] send_request: stop_status
2021-10-03 18:53:59,619 DEBUG   SenderThread:11343 [sender.py:send():182] send: stats
2021-10-03 18:54:09,100 DEBUG   HandlerThread:11343 [handler.py:handle_request():128] handle_request: stop_status
2021-10-03 18:54:09,100 DEBUG   SenderThread:11343 [sender.py:send_request():196] send_request: stop_status
2021-10-03 18:54:24,332 DEBUG   HandlerThread:11343 [handler.py:handle_request():128] handle_request: stop_status
2021-10-03 18:54:24,332 DEBUG   SenderThread:11343 [sender.py:send_request():196] send_request: stop_status
2021-10-03 18:54:30,096 DEBUG   SenderThread:11343 [sender.py:send():182] send: stats
2021-10-03 18:54:39,556 DEBUG   HandlerThread:11343 [handler.py:handle_request():128] handle_request: stop_status
2021-10-03 18:54:39,556 DEBUG   SenderThread:11343 [sender.py:send_request():196] send_request: stop_status
2021-10-03 18:54:54,796 DEBUG   HandlerThread:11343 [handler.py:handle_request():128] handle_request: stop_status
2021-10-03 18:54:54,800 DEBUG   SenderThread:11343 [sender.py:send_request():196] send_request: stop_status
2021-10-03 18:55:00,586 DEBUG   SenderThread:11343 [sender.py:send():182] send: stats
2021-10-03 18:55:10,046 DEBUG   HandlerThread:11343 [handler.py:handle_request():128] handle_request: stop_status
2021-10-03 18:55:10,050 DEBUG   SenderThread:11343 [sender.py:send_request():196] send_request: stop_status
2021-10-03 18:55:25,522 DEBUG   HandlerThread:11343 [handler.py:handle_request():128] handle_request: stop_status
2021-10-03 18:55:25,523 DEBUG   SenderThread:11343 [sender.py:send_request():196] send_request: stop_status
2021-10-03 18:55:31,076 DEBUG   SenderThread:11343 [sender.py:send():182] send: stats
2021-10-03 18:55:40,751 DEBUG   HandlerThread:11343 [handler.py:handle_request():128] handle_request: stop_status
2021-10-03 18:55:40,751 DEBUG   SenderThread:11343 [sender.py:send_request():196] send_request: stop_status
2021-10-03 18:55:55,999 DEBUG   HandlerThread:11343 [handler.py:handle_request():128] handle_request: stop_status
2021-10-03 18:55:56,001 DEBUG   SenderThread:11343 [sender.py:send_request():196] send_request: stop_status
2021-10-03 18:56:01,540 DEBUG   SenderThread:11343 [sender.py:send():182] send: stats
2021-10-03 18:56:11,242 DEBUG   HandlerThread:11343 [handler.py:handle_request():128] handle_request: stop_status
2021-10-03 18:56:11,246 DEBUG   SenderThread:11343 [sender.py:send_request():196] send_request: stop_status
2021-10-03 18:56:26,562 DEBUG   HandlerThread:11343 [handler.py:handle_request():128] handle_request: stop_status
2021-10-03 18:56:26,565 DEBUG   SenderThread:11343 [sender.py:send_request():196] send_request: stop_status
2021-10-03 18:56:32,021 DEBUG   SenderThread:11343 [sender.py:send():182] send: stats
2021-10-03 18:56:41,790 DEBUG   HandlerThread:11343 [handler.py:handle_request():128] handle_request: stop_status
2021-10-03 18:56:41,791 DEBUG   SenderThread:11343 [sender.py:send_request():196] send_request: stop_status
2021-10-03 18:56:57,024 DEBUG   HandlerThread:11343 [handler.py:handle_request():128] handle_request: stop_status
2021-10-03 18:56:57,024 DEBUG   SenderThread:11343 [sender.py:send_request():196] send_request: stop_status
2021-10-03 18:57:02,436 DEBUG   SenderThread:11343 [sender.py:send():182] send: stats
2021-10-03 18:57:12,290 DEBUG   HandlerThread:11343 [handler.py:handle_request():128] handle_request: stop_status
2021-10-03 18:57:12,291 DEBUG   SenderThread:11343 [sender.py:send_request():196] send_request: stop_status
2021-10-03 18:57:27,519 DEBUG   HandlerThread:11343 [handler.py:handle_request():128] handle_request: stop_status
2021-10-03 18:57:27,523 DEBUG   SenderThread:11343 [sender.py:send_request():196] send_request: stop_status
2021-10-03 18:57:32,868 DEBUG   SenderThread:11343 [sender.py:send():182] send: stats
2021-10-03 18:57:42,755 DEBUG   HandlerThread:11343 [handler.py:handle_request():128] handle_request: stop_status
2021-10-03 18:57:42,758 DEBUG   SenderThread:11343 [sender.py:send_request():196] send_request: stop_status
2021-10-03 18:57:58,000 DEBUG   HandlerThread:11343 [handler.py:handle_request():128] handle_request: stop_status
2021-10-03 18:57:58,004 DEBUG   SenderThread:11343 [sender.py:send_request():196] send_request: stop_status
2021-10-03 18:58:03,309 DEBUG   SenderThread:11343 [sender.py:send():182] send: stats
2021-10-03 18:58:13,251 DEBUG   HandlerThread:11343 [handler.py:handle_request():128] handle_request: stop_status
2021-10-03 18:58:13,251 DEBUG   SenderThread:11343 [sender.py:send_request():196] send_request: stop_status
2021-10-03 18:58:28,492 DEBUG   HandlerThread:11343 [handler.py:handle_request():128] handle_request: stop_status
2021-10-03 18:58:28,493 DEBUG   SenderThread:11343 [sender.py:send_request():196] send_request: stop_status
2021-10-03 18:58:33,777 DEBUG   SenderThread:11343 [sender.py:send():182] send: stats
2021-10-03 18:58:43,740 DEBUG   HandlerThread:11343 [handler.py:handle_request():128] handle_request: stop_status
2021-10-03 18:58:43,742 DEBUG   SenderThread:11343 [sender.py:send_request():196] send_request: stop_status
2021-10-03 18:58:59,004 DEBUG   HandlerThread:11343 [handler.py:handle_request():128] handle_request: stop_status
2021-10-03 18:58:59,008 DEBUG   SenderThread:11343 [sender.py:send_request():196] send_request: stop_status
2021-10-03 18:59:04,227 DEBUG   SenderThread:11343 [sender.py:send():182] send: stats
2021-10-03 18:59:14,656 DEBUG   HandlerThread:11343 [handler.py:handle_request():128] handle_request: stop_status
2021-10-03 18:59:14,658 DEBUG   SenderThread:11343 [sender.py:send_request():196] send_request: stop_status
2021-10-03 18:59:29,920 DEBUG   HandlerThread:11343 [handler.py:handle_request():128] handle_request: stop_status
2021-10-03 18:59:29,935 DEBUG   SenderThread:11343 [sender.py:send_request():196] send_request: stop_status
2021-10-03 18:59:30,337 DEBUG   SenderThread:11343 [sender.py:send():182] send: history
2021-10-03 18:59:30,341 DEBUG   SenderThread:11343 [sender.py:send():182] send: summary
2021-10-03 18:59:30,342 INFO    SenderThread:11343 [sender.py:_save_file():873] saving file wandb-summary.json with policy end
2021-10-03 18:59:30,839 INFO    Thread-8  :11343 [dir_watcher.py:_on_file_modified():229] file/dir modified: /Users/user/Desktop/Thesis/wandb/run-20211003_183852-14n7dvt1/files/wandb-summary.json
2021-10-03 18:59:31,841 INFO    Thread-8  :11343 [dir_watcher.py:_on_file_modified():229] file/dir modified: /Users/user/Desktop/Thesis/wandb/run-20211003_183852-14n7dvt1/files/output.log
2021-10-03 18:59:34,652 DEBUG   SenderThread:11343 [sender.py:send():182] send: stats
2021-10-03 18:59:37,137 DEBUG   SenderThread:11343 [sender.py:send():182] send: history
2021-10-03 18:59:37,141 DEBUG   SenderThread:11343 [sender.py:send():182] send: summary
2021-10-03 18:59:37,143 INFO    SenderThread:11343 [sender.py:_save_file():873] saving file wandb-summary.json with policy end
2021-10-03 18:59:37,856 INFO    Thread-8  :11343 [dir_watcher.py:_on_file_modified():229] file/dir modified: /Users/user/Desktop/Thesis/wandb/run-20211003_183852-14n7dvt1/files/wandb-summary.json
2021-10-03 18:59:37,856 INFO    Thread-8  :11343 [dir_watcher.py:_on_file_modified():229] file/dir modified: /Users/user/Desktop/Thesis/wandb/run-20211003_183852-14n7dvt1/files/output.log
2021-10-03 18:59:45,195 DEBUG   HandlerThread:11343 [handler.py:handle_request():128] handle_request: stop_status
2021-10-03 18:59:45,195 DEBUG   SenderThread:11343 [sender.py:send_request():196] send_request: stop_status
2021-10-03 19:00:00,434 DEBUG   HandlerThread:11343 [handler.py:handle_request():128] handle_request: stop_status
2021-10-03 19:00:00,437 DEBUG   SenderThread:11343 [sender.py:send_request():196] send_request: stop_status
2021-10-03 19:00:05,057 DEBUG   SenderThread:11343 [sender.py:send():182] send: stats
2021-10-03 19:00:15,690 DEBUG   HandlerThread:11343 [handler.py:handle_request():128] handle_request: stop_status
2021-10-03 19:00:15,690 DEBUG   SenderThread:11343 [sender.py:send_request():196] send_request: stop_status
2021-10-03 19:00:30,922 DEBUG   HandlerThread:11343 [handler.py:handle_request():128] handle_request: stop_status
2021-10-03 19:00:30,923 DEBUG   SenderThread:11343 [sender.py:send_request():196] send_request: stop_status
2021-10-03 19:00:35,534 DEBUG   SenderThread:11343 [sender.py:send():182] send: stats
2021-10-03 19:00:46,157 DEBUG   HandlerThread:11343 [handler.py:handle_request():128] handle_request: stop_status
2021-10-03 19:00:46,158 DEBUG   SenderThread:11343 [sender.py:send_request():196] send_request: stop_status
2021-10-03 19:01:01,429 DEBUG   HandlerThread:11343 [handler.py:handle_request():128] handle_request: stop_status
2021-10-03 19:01:01,432 DEBUG   SenderThread:11343 [sender.py:send_request():196] send_request: stop_status
2021-10-03 19:01:05,975 DEBUG   SenderThread:11343 [sender.py:send():182] send: stats
2021-10-03 19:01:16,660 DEBUG   HandlerThread:11343 [handler.py:handle_request():128] handle_request: stop_status
2021-10-03 19:01:16,663 DEBUG   SenderThread:11343 [sender.py:send_request():196] send_request: stop_status
2021-10-03 19:01:31,882 DEBUG   HandlerThread:11343 [handler.py:handle_request():128] handle_request: stop_status
2021-10-03 19:01:31,883 DEBUG   SenderThread:11343 [sender.py:send_request():196] send_request: stop_status
2021-10-03 19:01:36,363 DEBUG   SenderThread:11343 [sender.py:send():182] send: stats
2021-10-03 19:01:47,128 DEBUG   HandlerThread:11343 [handler.py:handle_request():128] handle_request: stop_status
2021-10-03 19:01:47,128 DEBUG   SenderThread:11343 [sender.py:send_request():196] send_request: stop_status
2021-10-03 19:02:02,374 DEBUG   HandlerThread:11343 [handler.py:handle_request():128] handle_request: stop_status
2021-10-03 19:02:02,374 DEBUG   SenderThread:11343 [sender.py:send_request():196] send_request: stop_status
2021-10-03 19:02:06,818 DEBUG   SenderThread:11343 [sender.py:send():182] send: stats
2021-10-03 19:02:17,665 DEBUG   HandlerThread:11343 [handler.py:handle_request():128] handle_request: stop_status
2021-10-03 19:02:17,666 DEBUG   SenderThread:11343 [sender.py:send_request():196] send_request: stop_status
2021-10-03 19:02:32,893 DEBUG   HandlerThread:11343 [handler.py:handle_request():128] handle_request: stop_status
2021-10-03 19:02:32,894 DEBUG   SenderThread:11343 [sender.py:send_request():196] send_request: stop_status
2021-10-03 19:02:37,248 DEBUG   SenderThread:11343 [sender.py:send():182] send: stats
2021-10-03 19:02:48,147 DEBUG   HandlerThread:11343 [handler.py:handle_request():128] handle_request: stop_status
2021-10-03 19:02:48,148 DEBUG   SenderThread:11343 [sender.py:send_request():196] send_request: stop_status
2021-10-03 19:03:03,380 DEBUG   HandlerThread:11343 [handler.py:handle_request():128] handle_request: stop_status
2021-10-03 19:03:03,382 DEBUG   SenderThread:11343 [sender.py:send_request():196] send_request: stop_status
2021-10-03 19:03:07,670 DEBUG   SenderThread:11343 [sender.py:send():182] send: stats
2021-10-03 19:03:18,646 DEBUG   HandlerThread:11343 [handler.py:handle_request():128] handle_request: stop_status
2021-10-03 19:03:18,648 DEBUG   SenderThread:11343 [sender.py:send_request():196] send_request: stop_status
2021-10-03 19:03:33,888 DEBUG   HandlerThread:11343 [handler.py:handle_request():128] handle_request: stop_status
2021-10-03 19:03:33,888 DEBUG   SenderThread:11343 [sender.py:send_request():196] send_request: stop_status
2021-10-03 19:03:38,155 DEBUG   SenderThread:11343 [sender.py:send():182] send: stats
2021-10-03 19:03:49,131 DEBUG   HandlerThread:11343 [handler.py:handle_request():128] handle_request: stop_status
2021-10-03 19:03:49,131 DEBUG   SenderThread:11343 [sender.py:send_request():196] send_request: stop_status
2021-10-03 19:04:04,411 DEBUG   HandlerThread:11343 [handler.py:handle_request():128] handle_request: stop_status
2021-10-03 19:04:04,412 DEBUG   SenderThread:11343 [sender.py:send_request():196] send_request: stop_status
2021-10-03 19:04:08,597 DEBUG   SenderThread:11343 [sender.py:send():182] send: stats
2021-10-03 19:04:19,635 DEBUG   HandlerThread:11343 [handler.py:handle_request():128] handle_request: stop_status
2021-10-03 19:04:19,638 DEBUG   SenderThread:11343 [sender.py:send_request():196] send_request: stop_status
2021-10-03 19:04:34,862 DEBUG   HandlerThread:11343 [handler.py:handle_request():128] handle_request: stop_status
2021-10-03 19:04:34,863 DEBUG   SenderThread:11343 [sender.py:send_request():196] send_request: stop_status
2021-10-03 19:04:39,036 DEBUG   SenderThread:11343 [sender.py:send():182] send: stats
2021-10-03 19:04:50,101 DEBUG   HandlerThread:11343 [handler.py:handle_request():128] handle_request: stop_status
2021-10-03 19:04:50,103 DEBUG   SenderThread:11343 [sender.py:send_request():196] send_request: stop_status
2021-10-03 19:05:05,354 DEBUG   HandlerThread:11343 [handler.py:handle_request():128] handle_request: stop_status
2021-10-03 19:05:05,356 DEBUG   SenderThread:11343 [sender.py:send_request():196] send_request: stop_status
2021-10-03 19:05:09,460 DEBUG   SenderThread:11343 [sender.py:send():182] send: stats
2021-10-03 19:05:20,637 DEBUG   HandlerThread:11343 [handler.py:handle_request():128] handle_request: stop_status
2021-10-03 19:05:20,637 DEBUG   SenderThread:11343 [sender.py:send_request():196] send_request: stop_status
2021-10-03 19:05:35,864 DEBUG   HandlerThread:11343 [handler.py:handle_request():128] handle_request: stop_status
2021-10-03 19:05:35,872 DEBUG   SenderThread:11343 [sender.py:send_request():196] send_request: stop_status
2021-10-03 19:05:39,880 DEBUG   SenderThread:11343 [sender.py:send():182] send: stats
2021-10-03 19:05:51,115 DEBUG   HandlerThread:11343 [handler.py:handle_request():128] handle_request: stop_status
2021-10-03 19:05:51,116 DEBUG   SenderThread:11343 [sender.py:send_request():196] send_request: stop_status
2021-10-03 19:05:51,394 DEBUG   SenderThread:11343 [sender.py:send():182] send: history
2021-10-03 19:05:51,395 DEBUG   SenderThread:11343 [sender.py:send():182] send: summary
2021-10-03 19:05:51,399 INFO    SenderThread:11343 [sender.py:_save_file():873] saving file wandb-summary.json with policy end
2021-10-03 19:05:51,777 INFO    Thread-8  :11343 [dir_watcher.py:_on_file_modified():229] file/dir modified: /Users/user/Desktop/Thesis/wandb/run-20211003_183852-14n7dvt1/files/wandb-summary.json
2021-10-03 19:05:52,775 INFO    Thread-8  :11343 [dir_watcher.py:_on_file_modified():229] file/dir modified: /Users/user/Desktop/Thesis/wandb/run-20211003_183852-14n7dvt1/files/output.log
2021-10-03 19:05:57,054 DEBUG   SenderThread:11343 [sender.py:send():182] send: history
2021-10-03 19:05:57,054 DEBUG   SenderThread:11343 [sender.py:send():182] send: summary
2021-10-03 19:05:57,055 INFO    SenderThread:11343 [sender.py:_save_file():873] saving file wandb-summary.json with policy end
2021-10-03 19:05:57,781 INFO    Thread-8  :11343 [dir_watcher.py:_on_file_modified():229] file/dir modified: /Users/user/Desktop/Thesis/wandb/run-20211003_183852-14n7dvt1/files/wandb-summary.json
2021-10-03 19:05:58,787 INFO    Thread-8  :11343 [dir_watcher.py:_on_file_modified():229] file/dir modified: /Users/user/Desktop/Thesis/wandb/run-20211003_183852-14n7dvt1/files/output.log
2021-10-03 19:06:06,401 DEBUG   HandlerThread:11343 [handler.py:handle_request():128] handle_request: stop_status
2021-10-03 19:06:06,401 DEBUG   SenderThread:11343 [sender.py:send_request():196] send_request: stop_status
2021-10-03 19:06:10,357 DEBUG   SenderThread:11343 [sender.py:send():182] send: stats
2021-10-03 19:06:21,627 DEBUG   HandlerThread:11343 [handler.py:handle_request():128] handle_request: stop_status
2021-10-03 19:06:21,628 DEBUG   SenderThread:11343 [sender.py:send_request():196] send_request: stop_status
2021-10-03 19:06:32,868 INFO    Thread-8  :11343 [dir_watcher.py:_on_file_modified():229] file/dir modified: /Users/user/Desktop/Thesis/wandb/run-20211003_183852-14n7dvt1/files/output.log
2021-10-03 19:06:33,628 DEBUG   SenderThread:11343 [sender.py:send():182] send: telemetry
2021-10-03 19:06:33,646 DEBUG   SenderThread:11343 [sender.py:send():182] send: exit
2021-10-03 19:06:33,650 DEBUG   HandlerThread:11343 [handler.py:handle_request():128] handle_request: poll_exit
2021-10-03 19:06:33,652 INFO    SenderThread:11343 [sender.py:send_exit():291] handling exit code: 0
2021-10-03 19:06:33,730 INFO    SenderThread:11343 [sender.py:send_exit():293] handling runtime: 1659
2021-10-03 19:06:33,738 INFO    SenderThread:11343 [sender.py:_save_file():873] saving file wandb-summary.json with policy end
2021-10-03 19:06:33,738 INFO    SenderThread:11343 [sender.py:send_exit():303] send defer
2021-10-03 19:06:33,752 DEBUG   SenderThread:11343 [sender.py:send_request():196] send_request: poll_exit
2021-10-03 19:06:33,764 DEBUG   HandlerThread:11343 [handler.py:handle_request():128] handle_request: defer
2021-10-03 19:06:33,776 INFO    HandlerThread:11343 [handler.py:handle_request_defer():145] handle defer: 0
2021-10-03 19:06:33,787 DEBUG   SenderThread:11343 [sender.py:send_request():196] send_request: defer
2021-10-03 19:06:33,791 INFO    SenderThread:11343 [sender.py:send_request_defer():312] handle sender defer: 0
2021-10-03 19:06:33,791 INFO    SenderThread:11343 [sender.py:transition_state():316] send defer: 1
2021-10-03 19:06:33,792 DEBUG   HandlerThread:11343 [handler.py:handle_request():128] handle_request: defer
2021-10-03 19:06:33,792 INFO    HandlerThread:11343 [handler.py:handle_request_defer():145] handle defer: 1
2021-10-03 19:06:33,816 DEBUG   SenderThread:11343 [sender.py:send_request():196] send_request: defer
2021-10-03 19:06:33,816 INFO    SenderThread:11343 [sender.py:send_request_defer():312] handle sender defer: 1
2021-10-03 19:06:33,816 INFO    SenderThread:11343 [sender.py:transition_state():316] send defer: 2
2021-10-03 19:06:33,816 DEBUG   SenderThread:11343 [sender.py:send():182] send: stats
2021-10-03 19:06:33,817 DEBUG   HandlerThread:11343 [handler.py:handle_request():128] handle_request: defer
2021-10-03 19:06:33,817 INFO    HandlerThread:11343 [handler.py:handle_request_defer():145] handle defer: 2
2021-10-03 19:06:33,825 DEBUG   SenderThread:11343 [sender.py:send_request():196] send_request: defer
2021-10-03 19:06:33,825 INFO    SenderThread:11343 [sender.py:send_request_defer():312] handle sender defer: 2
2021-10-03 19:06:33,825 INFO    SenderThread:11343 [sender.py:transition_state():316] send defer: 3
2021-10-03 19:06:33,826 DEBUG   HandlerThread:11343 [handler.py:handle_request():128] handle_request: defer
2021-10-03 19:06:33,826 INFO    HandlerThread:11343 [handler.py:handle_request_defer():145] handle defer: 3
2021-10-03 19:06:33,826 DEBUG   SenderThread:11343 [sender.py:send():182] send: summary
2021-10-03 19:06:33,827 INFO    SenderThread:11343 [sender.py:_save_file():873] saving file wandb-summary.json with policy end
2021-10-03 19:06:33,827 DEBUG   SenderThread:11343 [sender.py:send_request():196] send_request: defer
2021-10-03 19:06:33,827 INFO    SenderThread:11343 [sender.py:send_request_defer():312] handle sender defer: 3
2021-10-03 19:06:33,827 INFO    SenderThread:11343 [sender.py:transition_state():316] send defer: 4
2021-10-03 19:06:33,828 DEBUG   HandlerThread:11343 [handler.py:handle_request():128] handle_request: defer
2021-10-03 19:06:33,828 INFO    HandlerThread:11343 [handler.py:handle_request_defer():145] handle defer: 4
2021-10-03 19:06:33,828 DEBUG   SenderThread:11343 [sender.py:send_request():196] send_request: defer
2021-10-03 19:06:33,828 INFO    SenderThread:11343 [sender.py:send_request_defer():312] handle sender defer: 4
2021-10-03 19:06:33,891 INFO    Thread-8  :11343 [dir_watcher.py:_on_file_modified():229] file/dir modified: /Users/user/Desktop/Thesis/wandb/run-20211003_183852-14n7dvt1/files/wandb-summary.json
2021-10-03 19:06:33,902 DEBUG   HandlerThread:11343 [handler.py:handle_request():128] handle_request: poll_exit
2021-10-03 19:06:33,911 INFO    Thread-8  :11343 [dir_watcher.py:_on_file_modified():229] file/dir modified: /Users/user/Desktop/Thesis/wandb/run-20211003_183852-14n7dvt1/files/output.log
2021-10-03 19:06:34,313 INFO    SenderThread:11343 [sender.py:transition_state():316] send defer: 5
2021-10-03 19:06:34,314 DEBUG   SenderThread:11343 [sender.py:send_request():196] send_request: poll_exit
2021-10-03 19:06:34,315 DEBUG   HandlerThread:11343 [handler.py:handle_request():128] handle_request: defer
2021-10-03 19:06:34,316 INFO    HandlerThread:11343 [handler.py:handle_request_defer():145] handle defer: 5
2021-10-03 19:06:34,316 DEBUG   SenderThread:11343 [sender.py:send_request():196] send_request: defer
2021-10-03 19:06:34,317 INFO    SenderThread:11343 [sender.py:send_request_defer():312] handle sender defer: 5
2021-10-03 19:06:34,317 INFO    SenderThread:11343 [dir_watcher.py:finish():282] shutting down directory watcher
2021-10-03 19:06:34,421 DEBUG   HandlerThread:11343 [handler.py:handle_request():128] handle_request: poll_exit
2021-10-03 19:06:34,887 INFO    Thread-8  :11343 [dir_watcher.py:_on_file_modified():229] file/dir modified: /Users/user/Desktop/Thesis/wandb/run-20211003_183852-14n7dvt1/files/config.yaml
2021-10-03 19:06:34,900 INFO    SenderThread:11343 [dir_watcher.py:finish():312] scan: /Users/user/Desktop/Thesis/wandb/run-20211003_183852-14n7dvt1/files
2021-10-03 19:06:34,903 INFO    SenderThread:11343 [dir_watcher.py:finish():318] scan save: /Users/user/Desktop/Thesis/wandb/run-20211003_183852-14n7dvt1/files/requirements.txt requirements.txt
2021-10-03 19:06:34,912 INFO    SenderThread:11343 [dir_watcher.py:finish():318] scan save: /Users/user/Desktop/Thesis/wandb/run-20211003_183852-14n7dvt1/files/output.log output.log
2021-10-03 19:06:34,913 INFO    SenderThread:11343 [dir_watcher.py:finish():318] scan save: /Users/user/Desktop/Thesis/wandb/run-20211003_183852-14n7dvt1/files/config.yaml config.yaml
2021-10-03 19:06:34,925 INFO    SenderThread:11343 [dir_watcher.py:finish():318] scan save: /Users/user/Desktop/Thesis/wandb/run-20211003_183852-14n7dvt1/files/wandb-summary.json wandb-summary.json
2021-10-03 19:06:34,926 INFO    SenderThread:11343 [dir_watcher.py:finish():318] scan save: /Users/user/Desktop/Thesis/wandb/run-20211003_183852-14n7dvt1/files/wandb-metadata.json wandb-metadata.json
2021-10-03 19:06:34,926 INFO    SenderThread:11343 [sender.py:transition_state():316] send defer: 6
2021-10-03 19:06:34,927 DEBUG   SenderThread:11343 [sender.py:send_request():196] send_request: poll_exit
2021-10-03 19:06:34,942 DEBUG   HandlerThread:11343 [handler.py:handle_request():128] handle_request: defer
2021-10-03 19:06:34,942 INFO    HandlerThread:11343 [handler.py:handle_request_defer():145] handle defer: 6
2021-10-03 19:06:34,945 DEBUG   SenderThread:11343 [sender.py:send_request():196] send_request: defer
2021-10-03 19:06:34,959 INFO    SenderThread:11343 [sender.py:send_request_defer():312] handle sender defer: 6
2021-10-03 19:06:34,959 INFO    SenderThread:11343 [file_pusher.py:finish():177] shutting down file pusher
2021-10-03 19:06:35,032 DEBUG   HandlerThread:11343 [handler.py:handle_request():128] handle_request: poll_exit
2021-10-03 19:06:35,052 DEBUG   SenderThread:11343 [sender.py:send_request():196] send_request: poll_exit
2021-10-03 19:06:35,162 DEBUG   HandlerThread:11343 [handler.py:handle_request():128] handle_request: poll_exit
2021-10-03 19:06:35,163 DEBUG   SenderThread:11343 [sender.py:send_request():196] send_request: poll_exit
2021-10-03 19:06:35,281 DEBUG   HandlerThread:11343 [handler.py:handle_request():128] handle_request: poll_exit
2021-10-03 19:06:35,289 DEBUG   SenderThread:11343 [sender.py:send_request():196] send_request: poll_exit
2021-10-03 19:06:35,392 DEBUG   HandlerThread:11343 [handler.py:handle_request():128] handle_request: poll_exit
2021-10-03 19:06:35,393 DEBUG   SenderThread:11343 [sender.py:send_request():196] send_request: poll_exit
2021-10-03 19:06:35,499 DEBUG   HandlerThread:11343 [handler.py:handle_request():128] handle_request: poll_exit
2021-10-03 19:06:35,500 DEBUG   SenderThread:11343 [sender.py:send_request():196] send_request: poll_exit
2021-10-03 19:06:35,602 DEBUG   HandlerThread:11343 [handler.py:handle_request():128] handle_request: poll_exit
2021-10-03 19:06:35,602 DEBUG   SenderThread:11343 [sender.py:send_request():196] send_request: poll_exit
2021-10-03 19:06:35,703 DEBUG   HandlerThread:11343 [handler.py:handle_request():128] handle_request: poll_exit
2021-10-03 19:06:35,704 DEBUG   SenderThread:11343 [sender.py:send_request():196] send_request: poll_exit
2021-10-03 19:06:35,805 DEBUG   HandlerThread:11343 [handler.py:handle_request():128] handle_request: poll_exit
2021-10-03 19:06:35,805 DEBUG   SenderThread:11343 [sender.py:send_request():196] send_request: poll_exit
2021-10-03 19:06:35,907 DEBUG   HandlerThread:11343 [handler.py:handle_request():128] handle_request: poll_exit
2021-10-03 19:06:35,907 DEBUG   SenderThread:11343 [sender.py:send_request():196] send_request: poll_exit
2021-10-03 19:06:35,985 INFO    Thread-15 :11343 [upload_job.py:push():137] Uploaded file /Users/user/Desktop/Thesis/wandb/run-20211003_183852-14n7dvt1/files/wandb-summary.json
2021-10-03 19:06:35,985 INFO    Thread-12 :11343 [upload_job.py:push():137] Uploaded file /Users/user/Desktop/Thesis/wandb/run-20211003_183852-14n7dvt1/files/requirements.txt
2021-10-03 19:06:35,987 INFO    Thread-14 :11343 [upload_job.py:push():137] Uploaded file /Users/user/Desktop/Thesis/wandb/run-20211003_183852-14n7dvt1/files/config.yaml
2021-10-03 19:06:35,987 INFO    Thread-13 :11343 [upload_job.py:push():137] Uploaded file /Users/user/Desktop/Thesis/wandb/run-20211003_183852-14n7dvt1/files/output.log
2021-10-03 19:06:36,009 DEBUG   HandlerThread:11343 [handler.py:handle_request():128] handle_request: poll_exit
2021-10-03 19:06:36,009 DEBUG   SenderThread:11343 [sender.py:send_request():196] send_request: poll_exit
2021-10-03 19:06:36,111 DEBUG   HandlerThread:11343 [handler.py:handle_request():128] handle_request: poll_exit
2021-10-03 19:06:36,111 DEBUG   SenderThread:11343 [sender.py:send_request():196] send_request: poll_exit
2021-10-03 19:06:36,189 INFO    Thread-7  :11343 [sender.py:transition_state():316] send defer: 7
2021-10-03 19:06:36,191 DEBUG   HandlerThread:11343 [handler.py:handle_request():128] handle_request: defer
2021-10-03 19:06:36,191 INFO    HandlerThread:11343 [handler.py:handle_request_defer():145] handle defer: 7
2021-10-03 19:06:36,192 DEBUG   SenderThread:11343 [sender.py:send_request():196] send_request: defer
2021-10-03 19:06:36,192 INFO    SenderThread:11343 [sender.py:send_request_defer():312] handle sender defer: 7
2021-10-03 19:06:36,216 DEBUG   HandlerThread:11343 [handler.py:handle_request():128] handle_request: poll_exit
2021-10-03 19:06:36,543 INFO    SenderThread:11343 [sender.py:transition_state():316] send defer: 8
2021-10-03 19:06:36,547 DEBUG   SenderThread:11343 [sender.py:send_request():196] send_request: poll_exit
2021-10-03 19:06:36,548 DEBUG   HandlerThread:11343 [handler.py:handle_request():128] handle_request: defer
2021-10-03 19:06:36,552 INFO    HandlerThread:11343 [handler.py:handle_request_defer():145] handle defer: 8
2021-10-03 19:06:36,553 DEBUG   SenderThread:11343 [sender.py:send_request():196] send_request: defer
2021-10-03 19:06:36,553 INFO    SenderThread:11343 [sender.py:send_request_defer():312] handle sender defer: 8
2021-10-03 19:06:36,560 INFO    SenderThread:11343 [sender.py:transition_state():316] send defer: 9
2021-10-03 19:06:36,561 DEBUG   SenderThread:11343 [sender.py:send():182] send: final
2021-10-03 19:06:36,562 DEBUG   SenderThread:11343 [sender.py:send():182] send: footer
2021-10-03 19:06:36,562 DEBUG   HandlerThread:11343 [handler.py:handle_request():128] handle_request: defer
2021-10-03 19:06:36,562 INFO    HandlerThread:11343 [handler.py:handle_request_defer():145] handle defer: 9
2021-10-03 19:06:36,562 DEBUG   SenderThread:11343 [sender.py:send_request():196] send_request: defer
2021-10-03 19:06:36,562 INFO    SenderThread:11343 [sender.py:send_request_defer():312] handle sender defer: 9
2021-10-03 19:06:36,654 DEBUG   HandlerThread:11343 [handler.py:handle_request():128] handle_request: poll_exit
2021-10-03 19:06:36,654 DEBUG   SenderThread:11343 [sender.py:send_request():196] send_request: poll_exit
2021-10-03 19:06:36,655 INFO    SenderThread:11343 [file_pusher.py:join():182] waiting for file pusher
2021-10-03 19:06:36,659 DEBUG   HandlerThread:11343 [handler.py:handle_request():128] handle_request: get_summary
2021-10-03 19:06:36,670 DEBUG   HandlerThread:11343 [handler.py:handle_request():128] handle_request: sampled_history
2021-10-03 19:06:36,681 DEBUG   HandlerThread:11343 [handler.py:handle_request():128] handle_request: shutdown
2021-10-03 19:06:36,682 INFO    HandlerThread:11343 [handler.py:finish():677] shutting down handler
2021-10-03 19:06:37,566 INFO    WriterThread:11343 [datastore.py:close():281] close: /Users/user/Desktop/Thesis/wandb/run-20211003_183852-14n7dvt1/run-14n7dvt1.wandb
2021-10-03 19:06:37,657 INFO    SenderThread:11343 [sender.py:finish():979] shutting down sender
2021-10-03 19:06:37,658 INFO    SenderThread:11343 [file_pusher.py:finish():177] shutting down file pusher
2021-10-03 19:06:37,658 INFO    SenderThread:11343 [file_pusher.py:join():182] waiting for file pusher
2021-10-03 19:06:37,765 INFO    MainThread:11343 [internal.py:handle_exit():76] Internal process exited
